#
# A fatal error has been detected by the Java Runtime Environment:
#
#  SIGSEGV (0xb) at pc=0x00007fd3636349e0, pid=10159, tid=10178
#
# JRE version: Java(TM) SE Runtime Environment (10.0.2+13) (build 10.0.2+13)
# Java VM: Java HotSpot(TM) 64-Bit Server VM (10.0.2+13, mixed mode, tiered, compressed oops, g1 gc, linux-amd64)
# Problematic frame:
# V  [libjvm.so+0xcf29e0]  SignatureIterator::iterate_returntype()+0x20
#
# Core dump will be written. Default location: Core dumps may be processed with "/usr/share/apport/apport %p %s %c %d %P" (or dumping to /home/hudson/Documents/desenvolvimento/java/login/core.10159)
#
# If you would like to submit a bug report, please visit:
#   http://bugreport.java.com/bugreport/crash.jsp
#

---------------  S U M M A R Y ------------

Command Line: -agentlib:jdwp=transport=dt_socket,suspend=y,address=localhost:37311 -javaagent:/home/hudson/.eclipse/360744347_linux_gtk_x86_64/configuration/org.eclipse.osgi/232/0/.cp/lib/javaagent-shaded.jar -Dfile.encoding=UTF-8 login.main

Host: Intel(R) Core(TM) i7-7500U CPU @ 2.70GHz, 4 cores, 7G, Ubuntu 18.04.1 LTS
Time: Sun Nov 11 03:16:03 2018 -02 elapsed time: 1352 seconds (0d 0h 22m 32s)

---------------  T H R E A D  ---------------

Current thread (0x00007fd35c153800):  VMThread "VM Thread" [stack: 0x00007fd340074000,0x00007fd340174000] [id=10178]

Stack: [0x00007fd340074000,0x00007fd340174000],  sp=0x00007fd340172090,  free space=1016k
Native frames: (J=compiled Java code, A=aot compiled Java code, j=interpreted, Vv=VM code, C=native code)
V  [libjvm.so+0xcf29e0]  SignatureIterator::iterate_returntype()+0x20
V  [libjvm.so+0x8155d2]  GenerateOopMap::do_method(int, int, int, int)+0x72
V  [libjvm.so+0x8164e3]  GenerateOopMap::interp1(BytecodeStream*)+0xa53
V  [libjvm.so+0x818274]  GenerateOopMap::interp_bb(BasicBlock*)+0x144
V  [libjvm.so+0x81a5bf]  GenerateOopMap::do_interpretation()+0x9f
V  [libjvm.so+0x81a99b]  GenerateOopMap::compute_map(Thread*)+0x26b
V  [libjvm.so+0xbef407]  OopMapForCacheEntry::compute_map(Thread*)+0x67
V  [libjvm.so+0xbf01ce]  OopMapCacheEntry::fill(methodHandle const&, int)+0x10e
V  [libjvm.so+0xbf0b55]  OopMapCache::compute_one_oop_map(methodHandle const&, int, InterpreterOopMap*)+0xf5
V  [libjvm.so+0xb89138]  Method::mask_for(int, InterpreterOopMap*)+0x78
V  [libjvm.so+0xa2ca1d]  VM_GetOrSetLocal::doit()+0x4d
V  [libjvm.so+0xe06c1a]  VM_Operation::evaluate()+0x19a
V  [libjvm.so+0xe043d5]  VMThread::evaluate_operation(VM_Operation*)+0xc5
V  [libjvm.so+0xe04a8f]  VMThread::loop()+0x27f
V  [libjvm.so+0xe050f2]  VMThread::run()+0x72
V  [libjvm.so+0xc05392]  thread_native_entry(Thread*)+0xf2


siginfo: si_signo: 11 (SIGSEGV), si_code: 1 (SEGV_MAPERR), si_addr: 0x0000000000000006

Register to memory mapping:

RAX=0x00007fd363c3dfd0: <offset 0x00000000012fbfd0> in /usr/local/java/jdk-10.0.2/lib/server/libjvm.so at 0x00007fd362942000
RBX=0x00007fd3401720d0 is an unknown value
RCX=0x0000000000000019 is an unknown value
RDX=0x0000000000000001 is an unknown value
RSP=0x00007fd340172090 is an unknown value
RBP=0x00007fd3401720b0 is an unknown value
RSI=0x0000000000000000 is an unknown value
RDI=0x00007fd3401720d0 is an unknown value
R8 =0x0000000000000075 is an unknown value
R9 =
[error occurred during error reporting (printing register info), id 0xb]

Registers:
RAX=0x00007fd363c3dfd0, RBX=0x00007fd3401720d0, RCX=0x0000000000000019, RDX=0x0000000000000001
RSP=0x00007fd340172090, RBP=0x00007fd3401720b0, RSI=0x0000000000000000, RDI=0x00007fd3401720d0
R8 =0x0000000000000075, R9 =0x00000000cfffff00, R10=0x00007fd35c0fe268, R11=0x00007fd35c0fe230
R12=0x00007fd3401720d0, R13=0x0000000000000000, R14=0x0000000000000000, R15=0x0000000000000075
RIP=0x00007fd3636349e0, EFLAGS=0x0000000000010206, CSGSFS=0x002b000000000033, ERR=0x0000000000000004
  TRAPNO=0x000000000000000e

Top of Stack: (sp=0x00007fd340172090)
0x00007fd340172090:   00007fd3401720b0 00007fd3401720d0
0x00007fd3401720a0:   00007fd3401720c0 00007fd340172850
0x00007fd3401720b0:   00007fd340172540 00007fd3631575d2
0x00007fd3401720c0:   0000000000000000 00007fd3401725b6 

Instructions: (pc=0x00007fd3636349e0)
0x00007fd3636349c0:   55 ba 01 00 00 00 48 89 e5 41 55 41 54 53 49 89
0x00007fd3636349d0:   fc 48 83 ec 08 4c 8b 6f 08 c7 47 10 00 00 00 00
0x00007fd3636349e0:   41 80 7d 06 28 74 31 48 8d 15 46 b1 1d 00 48 8d
0x00007fd3636349f0:   3d 9b b1 1d 00 31 c0 b9 28 00 00 00 be 35 00 00 

VM_Operation (0x00007fd324f25990): GetOrSetLocal, mode: safepoint, requested by thread 0x00007fd35c247800


---------------  P R O C E S S  ---------------

Threads class SMR info:
_java_thread_list=0x00007fd35c328160, length=13, elements={
0x00007fd35c013000, 0x00007fd35c15d000, 0x00007fd35c15f000, 0x00007fd35c172000,
0x00007fd35c174000, 0x00007fd35c176000, 0x00007fd35c178000, 0x00007fd35c17a000,
0x00007fd35c247800, 0x00007fd35c24b000, 0x00007fd2e4001800, 0x00007fd35c25e800,
0x00007fd35c321800
}

Java Threads: ( => current thread )
  0x00007fd35c013000 JavaThread "main" [_thread_blocked, id=10164, stack(0x00007fd364af9000,0x00007fd364bfa000)]
  0x00007fd35c15d000 JavaThread "Reference Handler" daemon [_thread_blocked, id=10179, stack(0x00007fd33015f000,0x00007fd330260000)]
  0x00007fd35c15f000 JavaThread "Finalizer" daemon [_thread_blocked, id=10180, stack(0x00007fd33005e000,0x00007fd33015f000)]
  0x00007fd35c172000 JavaThread "Signal Dispatcher" daemon [_thread_blocked, id=10181, stack(0x00007fd325530000,0x00007fd325631000)]
  0x00007fd35c174000 JavaThread "C2 CompilerThread0" daemon [_thread_blocked, id=10182, stack(0x00007fd32542f000,0x00007fd325530000)]
  0x00007fd35c176000 JavaThread "C2 CompilerThread1" daemon [_thread_blocked, id=10183, stack(0x00007fd32532e000,0x00007fd32542f000)]
  0x00007fd35c178000 JavaThread "C1 CompilerThread2" daemon [_thread_blocked, id=10184, stack(0x00007fd32522d000,0x00007fd32532e000)]
  0x00007fd35c17a000 JavaThread "Sweeper thread" daemon [_thread_blocked, id=10185, stack(0x00007fd32512c000,0x00007fd32522d000)]
  0x00007fd35c247800 JavaThread "JDWP Transport Listener: dt_socket" daemon [_thread_blocked, id=10187, stack(0x00007fd324e26000,0x00007fd324f27000)] _threads_hazard_ptr=0x00007fd35c328160
  0x00007fd35c24b000 JavaThread "JDWP Event Helper Thread" daemon [_thread_blocked, id=10188, stack(0x00007fd324d25000,0x00007fd324e26000)]
  0x00007fd2e4001800 JavaThread "JDWP Command Reader" daemon [_thread_in_native, id=10189, stack(0x00007fd324c24000,0x00007fd324d25000)]
  0x00007fd35c25e800 JavaThread "Common-Cleaner" daemon [_thread_blocked, id=10193, stack(0x00007fd324b23000,0x00007fd324c24000)]
  0x00007fd35c321800 JavaThread "Service Thread" daemon [_thread_blocked, id=10194, stack(0x00007fd3245fa000,0x00007fd3246fb000)]

Other Threads:
=>0x00007fd35c153800 VMThread "VM Thread" [stack: 0x00007fd340074000,0x00007fd340174000] [id=10178]
  0x00007fd35c328800 WatcherThread [stack: 0x00007fd3244fa000,0x00007fd3245fa000] [id=10195]
  0x00007fd35c02c000 GCTaskThread "GC Thread#0" [stack: 0x00007fd360bd0000,0x00007fd360cd0000] [id=10167]
  0x00007fd35c02d800 GCTaskThread "GC Thread#1" [stack: 0x00007fd360ace000,0x00007fd360bce000] [id=10168]
  0x00007fd35c02f000 GCTaskThread "GC Thread#2" [stack: 0x00007fd3609cc000,0x00007fd360acc000] [id=10169]
  0x00007fd35c031000 GCTaskThread "GC Thread#3" [stack: 0x00007fd3608ca000,0x00007fd3609ca000] [id=10170]
  0x00007fd35c05a800 ConcurrentGCThread "G1 Main Marker" [stack: 0x00007fd341386000,0x00007fd341486000] [id=10171]
  0x00007fd35c05c000 ConcurrentGCThread "G1 Conc#0" [stack: 0x00007fd341284000,0x00007fd341384000] [id=10172]
  0x00007fd35c0c4000 ConcurrentGCThread "G1 Refine#0" [stack: 0x00007fd340d7e000,0x00007fd340e7e000] [id=10173]
  0x00007fd35c0c6000 ConcurrentGCThread "G1 Refine#1" [stack: 0x00007fd340c7c000,0x00007fd340d7c000] [id=10174]
  0x00007fd35c0c7800 ConcurrentGCThread "G1 Refine#2" [stack: 0x00007fd340b7a000,0x00007fd340c7a000] [id=10175]
  0x00007fd35c0c9800 ConcurrentGCThread "G1 Refine#3" [stack: 0x00007fd340a78000,0x00007fd340b78000] [id=10176]
  0x00007fd35c0cb000 ConcurrentGCThread "G1 Young RemSet Sampling" [stack: 0x00007fd340976000,0x00007fd340a76000] [id=10177]

Threads with active compile tasks:

VM state:at safepoint (normal execution)

VM Mutex/Monitor currently owned by a thread:  ([mutex/lock_event])
[0x00007fd35c00f6e0] Threads_lock - owner thread: 0x00007fd35c153800

Heap address: 0x0000000084c00000, size: 1972 MB, Compressed Oops mode: 32-bit
Narrow klass base: 0x0000000000000000, Narrow klass shift: 3
Compressed class space size: 1073741824 Address: 0x0000000100000000

Heap:
 garbage-first heap   total 126976K, used 6144K [0x0000000084c00000, 0x0000000100000000)
  region size 1024K, 7 young (7168K), 0 survivors (0K)
 Metaspace       used 9335K, capacity 9476K, committed 9856K, reserved 1058816K
  class space    used 764K, capacity 812K, committed 896K, reserved 1048576K
Heap Regions: E=young(eden), S=young(survivor), O=old, HS=humongous(starts), HC=humongous(continues), CS=collection set, F=free, A=archive, TS=gc time stamp, AC=allocation context, TAMS=top-at-mark-start (previous, next)
|   0|0x0000000084c00000, 0x0000000084c00000, 0x0000000084d00000|  0%| F|  |TS  0|AC  0|TAMS 0x0000000084c00000, 0x0000000084c00000|
|   1|0x0000000084d00000, 0x0000000084d00000, 0x0000000084e00000|  0%| F|  |TS  0|AC  0|TAMS 0x0000000084d00000, 0x0000000084d00000|
|   2|0x0000000084e00000, 0x0000000084e00000, 0x0000000084f00000|  0%| F|  |TS  0|AC  0|TAMS 0x0000000084e00000, 0x0000000084e00000|
|   3|0x0000000084f00000, 0x0000000084f00000, 0x0000000085000000|  0%| F|  |TS  0|AC  0|TAMS 0x0000000084f00000, 0x0000000084f00000|
|   4|0x0000000085000000, 0x0000000085000000, 0x0000000085100000|  0%| F|  |TS  0|AC  0|TAMS 0x0000000085000000, 0x0000000085000000|
|   5|0x0000000085100000, 0x0000000085100000, 0x0000000085200000|  0%| F|  |TS  0|AC  0|TAMS 0x0000000085100000, 0x0000000085100000|
|   6|0x0000000085200000, 0x0000000085200000, 0x0000000085300000|  0%| F|  |TS  0|AC  0|TAMS 0x0000000085200000, 0x0000000085200000|
|   7|0x0000000085300000, 0x0000000085300000, 0x0000000085400000|  0%| F|  |TS  0|AC  0|TAMS 0x0000000085300000, 0x0000000085300000|
|   8|0x0000000085400000, 0x0000000085400000, 0x0000000085500000|  0%| F|  |TS  0|AC  0|TAMS 0x0000000085400000, 0x0000000085400000|
|   9|0x0000000085500000, 0x0000000085500000, 0x0000000085600000|  0%| F|  |TS  0|AC  0|TAMS 0x0000000085500000, 0x0000000085500000|
|  10|0x0000000085600000, 0x0000000085600000, 0x0000000085700000|  0%| F|  |TS  0|AC  0|TAMS 0x0000000085600000, 0x0000000085600000|
|  11|0x0000000085700000, 0x0000000085700000, 0x0000000085800000|  0%| F|  |TS  0|AC  0|TAMS 0x0000000085700000, 0x0000000085700000|
|  12|0x0000000085800000, 0x0000000085800000, 0x0000000085900000|  0%| F|  |TS  0|AC  0|TAMS 0x0000000085800000, 0x0000000085800000|
|  13|0x0000000085900000, 0x0000000085900000, 0x0000000085a00000|  0%| F|  |TS  0|AC  0|TAMS 0x0000000085900000, 0x0000000085900000|
|  14|0x0000000085a00000, 0x0000000085a00000, 0x0000000085b00000|  0%| F|  |TS  0|AC  0|TAMS 0x0000000085a00000, 0x0000000085a00000|
|  15|0x0000000085b00000, 0x0000000085b00000, 0x0000000085c00000|  0%| F|  |TS  0|AC  0|TAMS 0x0000000085b00000, 0x0000000085b00000|
|  16|0x0000000085c00000, 0x0000000085c00000, 0x0000000085d00000|  0%| F|  |TS  0|AC  0|TAMS 0x0000000085c00000, 0x0000000085c00000|
|  17|0x0000000085d00000, 0x0000000085d00000, 0x0000000085e00000|  0%| F|  |TS  0|AC  0|TAMS 0x0000000085d00000, 0x0000000085d00000|
|  18|0x0000000085e00000, 0x0000000085e00000, 0x0000000085f00000|  0%| F|  |TS  0|AC  0|TAMS 0x0000000085e00000, 0x0000000085e00000|
|  19|0x0000000085f00000, 0x0000000085f00000, 0x0000000086000000|  0%| F|  |TS  0|AC  0|TAMS 0x0000000085f00000, 0x0000000085f00000|
|  20|0x0000000086000000, 0x0000000086000000, 0x0000000086100000|  0%| F|  |TS  0|AC  0|TAMS 0x0000000086000000, 0x0000000086000000|
|  21|0x0000000086100000, 0x0000000086100000, 0x0000000086200000|  0%| F|  |TS  0|AC  0|TAMS 0x0000000086100000, 0x0000000086100000|
|  22|0x0000000086200000, 0x0000000086200000, 0x0000000086300000|  0%| F|  |TS  0|AC  0|TAMS 0x0000000086200000, 0x0000000086200000|
|  23|0x0000000086300000, 0x0000000086300000, 0x0000000086400000|  0%| F|  |TS  0|AC  0|TAMS 0x0000000086300000, 0x0000000086300000|
|  24|0x0000000086400000, 0x0000000086400000, 0x0000000086500000|  0%| F|  |TS  0|AC  0|TAMS 0x0000000086400000, 0x0000000086400000|
|  25|0x0000000086500000, 0x0000000086500000, 0x0000000086600000|  0%| F|  |TS  0|AC  0|TAMS 0x0000000086500000, 0x0000000086500000|
|  26|0x0000000086600000, 0x0000000086600000, 0x0000000086700000|  0%| F|  |TS  0|AC  0|TAMS 0x0000000086600000, 0x0000000086600000|
|  27|0x0000000086700000, 0x0000000086700000, 0x0000000086800000|  0%| F|  |TS  0|AC  0|TAMS 0x0000000086700000, 0x0000000086700000|
|  28|0x0000000086800000, 0x0000000086800000, 0x0000000086900000|  0%| F|  |TS  0|AC  0|TAMS 0x0000000086800000, 0x0000000086800000|
|  29|0x0000000086900000, 0x0000000086900000, 0x0000000086a00000|  0%| F|  |TS  0|AC  0|TAMS 0x0000000086900000, 0x0000000086900000|
|  30|0x0000000086a00000, 0x0000000086a00000, 0x0000000086b00000|  0%| F|  |TS  0|AC  0|TAMS 0x0000000086a00000, 0x0000000086a00000|
|  31|0x0000000086b00000, 0x0000000086b00000, 0x0000000086c00000|  0%| F|  |TS  0|AC  0|TAMS 0x0000000086b00000, 0x0000000086b00000|
|  32|0x0000000086c00000, 0x0000000086c00000, 0x0000000086d00000|  0%| F|  |TS  0|AC  0|TAMS 0x0000000086c00000, 0x0000000086c00000|
|  33|0x0000000086d00000, 0x0000000086d00000, 0x0000000086e00000|  0%| F|  |TS  0|AC  0|TAMS 0x0000000086d00000, 0x0000000086d00000|
|  34|0x0000000086e00000, 0x0000000086e00000, 0x0000000086f00000|  0%| F|  |TS  0|AC  0|TAMS 0x0000000086e00000, 0x0000000086e00000|
|  35|0x0000000086f00000, 0x0000000086f00000, 0x0000000087000000|  0%| F|  |TS  0|AC  0|TAMS 0x0000000086f00000, 0x0000000086f00000|
|  36|0x0000000087000000, 0x0000000087000000, 0x0000000087100000|  0%| F|  |TS  0|AC  0|TAMS 0x0000000087000000, 0x0000000087000000|
|  37|0x0000000087100000, 0x0000000087100000, 0x0000000087200000|  0%| F|  |TS  0|AC  0|TAMS 0x0000000087100000, 0x0000000087100000|
|  38|0x0000000087200000, 0x0000000087200000, 0x0000000087300000|  0%| F|  |TS  0|AC  0|TAMS 0x0000000087200000, 0x0000000087200000|
|  39|0x0000000087300000, 0x0000000087300000, 0x0000000087400000|  0%| F|  |TS  0|AC  0|TAMS 0x0000000087300000, 0x0000000087300000|
|  40|0x0000000087400000, 0x0000000087400000, 0x0000000087500000|  0%| F|  |TS  0|AC  0|TAMS 0x0000000087400000, 0x0000000087400000|
|  41|0x0000000087500000, 0x0000000087500000, 0x0000000087600000|  0%| F|  |TS  0|AC  0|TAMS 0x0000000087500000, 0x0000000087500000|
|  42|0x0000000087600000, 0x0000000087600000, 0x0000000087700000|  0%| F|  |TS  0|AC  0|TAMS 0x0000000087600000, 0x0000000087600000|
|  43|0x0000000087700000, 0x0000000087700000, 0x0000000087800000|  0%| F|  |TS  0|AC  0|TAMS 0x0000000087700000, 0x0000000087700000|
|  44|0x0000000087800000, 0x0000000087800000, 0x0000000087900000|  0%| F|  |TS  0|AC  0|TAMS 0x0000000087800000, 0x0000000087800000|
|  45|0x0000000087900000, 0x0000000087900000, 0x0000000087a00000|  0%| F|  |TS  0|AC  0|TAMS 0x0000000087900000, 0x0000000087900000|
|  46|0x0000000087a00000, 0x0000000087a00000, 0x0000000087b00000|  0%| F|  |TS  0|AC  0|TAMS 0x0000000087a00000, 0x0000000087a00000|
|  47|0x0000000087b00000, 0x0000000087b00000, 0x0000000087c00000|  0%| F|  |TS  0|AC  0|TAMS 0x0000000087b00000, 0x0000000087b00000|
|  48|0x0000000087c00000, 0x0000000087c00000, 0x0000000087d00000|  0%| F|  |TS  0|AC  0|TAMS 0x0000000087c00000, 0x0000000087c00000|
|  49|0x0000000087d00000, 0x0000000087d00000, 0x0000000087e00000|  0%| F|  |TS  0|AC  0|TAMS 0x0000000087d00000, 0x0000000087d00000|
|  50|0x0000000087e00000, 0x0000000087e00000, 0x0000000087f00000|  0%| F|  |TS  0|AC  0|TAMS 0x0000000087e00000, 0x0000000087e00000|
|  51|0x0000000087f00000, 0x0000000087f00000, 0x0000000088000000|  0%| F|  |TS  0|AC  0|TAMS 0x0000000087f00000, 0x0000000087f00000|
|  52|0x0000000088000000, 0x0000000088000000, 0x0000000088100000|  0%| F|  |TS  0|AC  0|TAMS 0x0000000088000000, 0x0000000088000000|
|  53|0x0000000088100000, 0x0000000088100000, 0x0000000088200000|  0%| F|  |TS  0|AC  0|TAMS 0x0000000088100000, 0x0000000088100000|
|  54|0x0000000088200000, 0x0000000088200000, 0x0000000088300000|  0%| F|  |TS  0|AC  0|TAMS 0x0000000088200000, 0x0000000088200000|
|  55|0x0000000088300000, 0x0000000088300000, 0x0000000088400000|  0%| F|  |TS  0|AC  0|TAMS 0x0000000088300000, 0x0000000088300000|
|  56|0x0000000088400000, 0x0000000088400000, 0x0000000088500000|  0%| F|  |TS  0|AC  0|TAMS 0x0000000088400000, 0x0000000088400000|
|  57|0x0000000088500000, 0x0000000088500000, 0x0000000088600000|  0%| F|  |TS  0|AC  0|TAMS 0x0000000088500000, 0x0000000088500000|
|  58|0x0000000088600000, 0x0000000088600000, 0x0000000088700000|  0%| F|  |TS  0|AC  0|TAMS 0x0000000088600000, 0x0000000088600000|
|  59|0x0000000088700000, 0x0000000088700000, 0x0000000088800000|  0%| F|  |TS  0|AC  0|TAMS 0x0000000088700000, 0x0000000088700000|
|  60|0x0000000088800000, 0x0000000088800000, 0x0000000088900000|  0%| F|  |TS  0|AC  0|TAMS 0x0000000088800000, 0x0000000088800000|
|  61|0x0000000088900000, 0x0000000088900000, 0x0000000088a00000|  0%| F|  |TS  0|AC  0|TAMS 0x0000000088900000, 0x0000000088900000|
|  62|0x0000000088a00000, 0x0000000088a00000, 0x0000000088b00000|  0%| F|  |TS  0|AC  0|TAMS 0x0000000088a00000, 0x0000000088a00000|
|  63|0x0000000088b00000, 0x0000000088b00000, 0x0000000088c00000|  0%| F|  |TS  0|AC  0|TAMS 0x0000000088b00000, 0x0000000088b00000|
|  64|0x0000000088c00000, 0x0000000088c00000, 0x0000000088d00000|  0%| F|  |TS  0|AC  0|TAMS 0x0000000088c00000, 0x0000000088c00000|
|  65|0x0000000088d00000, 0x0000000088d00000, 0x0000000088e00000|  0%| F|  |TS  0|AC  0|TAMS 0x0000000088d00000, 0x0000000088d00000|
|  66|0x0000000088e00000, 0x0000000088e00000, 0x0000000088f00000|  0%| F|  |TS  0|AC  0|TAMS 0x0000000088e00000, 0x0000000088e00000|
|  67|0x0000000088f00000, 0x0000000088f00000, 0x0000000089000000|  0%| F|  |TS  0|AC  0|TAMS 0x0000000088f00000, 0x0000000088f00000|
|  68|0x0000000089000000, 0x0000000089000000, 0x0000000089100000|  0%| F|  |TS  0|AC  0|TAMS 0x0000000089000000, 0x0000000089000000|
|  69|0x0000000089100000, 0x0000000089100000, 0x0000000089200000|  0%| F|  |TS  0|AC  0|TAMS 0x0000000089100000, 0x0000000089100000|
|  70|0x0000000089200000, 0x0000000089200000, 0x0000000089300000|  0%| F|  |TS  0|AC  0|TAMS 0x0000000089200000, 0x0000000089200000|
|  71|0x0000000089300000, 0x0000000089300000, 0x0000000089400000|  0%| F|  |TS  0|AC  0|TAMS 0x0000000089300000, 0x0000000089300000|
|  72|0x0000000089400000, 0x0000000089400000, 0x0000000089500000|  0%| F|  |TS  0|AC  0|TAMS 0x0000000089400000, 0x0000000089400000|
|  73|0x0000000089500000, 0x0000000089500000, 0x0000000089600000|  0%| F|  |TS  0|AC  0|TAMS 0x0000000089500000, 0x0000000089500000|
|  74|0x0000000089600000, 0x0000000089600000, 0x0000000089700000|  0%| F|  |TS  0|AC  0|TAMS 0x0000000089600000, 0x0000000089600000|
|  75|0x0000000089700000, 0x0000000089700000, 0x0000000089800000|  0%| F|  |TS  0|AC  0|TAMS 0x0000000089700000, 0x0000000089700000|
|  76|0x0000000089800000, 0x0000000089800000, 0x0000000089900000|  0%| F|  |TS  0|AC  0|TAMS 0x0000000089800000, 0x0000000089800000|
|  77|0x0000000089900000, 0x0000000089900000, 0x0000000089a00000|  0%| F|  |TS  0|AC  0|TAMS 0x0000000089900000, 0x0000000089900000|
|  78|0x0000000089a00000, 0x0000000089a00000, 0x0000000089b00000|  0%| F|  |TS  0|AC  0|TAMS 0x0000000089a00000, 0x0000000089a00000|
|  79|0x0000000089b00000, 0x0000000089b00000, 0x0000000089c00000|  0%| F|  |TS  0|AC  0|TAMS 0x0000000089b00000, 0x0000000089b00000|
|  80|0x0000000089c00000, 0x0000000089c00000, 0x0000000089d00000|  0%| F|  |TS  0|AC  0|TAMS 0x0000000089c00000, 0x0000000089c00000|
|  81|0x0000000089d00000, 0x0000000089d00000, 0x0000000089e00000|  0%| F|  |TS  0|AC  0|TAMS 0x0000000089d00000, 0x0000000089d00000|
|  82|0x0000000089e00000, 0x0000000089e00000, 0x0000000089f00000|  0%| F|  |TS  0|AC  0|TAMS 0x0000000089e00000, 0x0000000089e00000|
|  83|0x0000000089f00000, 0x0000000089f00000, 0x000000008a000000|  0%| F|  |TS  0|AC  0|TAMS 0x0000000089f00000, 0x0000000089f00000|
|  84|0x000000008a000000, 0x000000008a000000, 0x000000008a100000|  0%| F|  |TS  0|AC  0|TAMS 0x000000008a000000, 0x000000008a000000|
|  85|0x000000008a100000, 0x000000008a100000, 0x000000008a200000|  0%| F|  |TS  0|AC  0|TAMS 0x000000008a100000, 0x000000008a100000|
|  86|0x000000008a200000, 0x000000008a200000, 0x000000008a300000|  0%| F|  |TS  0|AC  0|TAMS 0x000000008a200000, 0x000000008a200000|
|  87|0x000000008a300000, 0x000000008a300000, 0x000000008a400000|  0%| F|  |TS  0|AC  0|TAMS 0x000000008a300000, 0x000000008a300000|
|  88|0x000000008a400000, 0x000000008a400000, 0x000000008a500000|  0%| F|  |TS  0|AC  0|TAMS 0x000000008a400000, 0x000000008a400000|
|  89|0x000000008a500000, 0x000000008a500000, 0x000000008a600000|  0%| F|  |TS  0|AC  0|TAMS 0x000000008a500000, 0x000000008a500000|
|  90|0x000000008a600000, 0x000000008a600000, 0x000000008a700000|  0%| F|  |TS  0|AC  0|TAMS 0x000000008a600000, 0x000000008a600000|
|  91|0x000000008a700000, 0x000000008a700000, 0x000000008a800000|  0%| F|  |TS  0|AC  0|TAMS 0x000000008a700000, 0x000000008a700000|
|  92|0x000000008a800000, 0x000000008a800000, 0x000000008a900000|  0%| F|  |TS  0|AC  0|TAMS 0x000000008a800000, 0x000000008a800000|
|  93|0x000000008a900000, 0x000000008a900000, 0x000000008aa00000|  0%| F|  |TS  0|AC  0|TAMS 0x000000008a900000, 0x000000008a900000|
|  94|0x000000008aa00000, 0x000000008aa00000, 0x000000008ab00000|  0%| F|  |TS  0|AC  0|TAMS 0x000000008aa00000, 0x000000008aa00000|
|  95|0x000000008ab00000, 0x000000008ab00000, 0x000000008ac00000|  0%| F|  |TS  0|AC  0|TAMS 0x000000008ab00000, 0x000000008ab00000|
|  96|0x000000008ac00000, 0x000000008ac00000, 0x000000008ad00000|  0%| F|  |TS  0|AC  0|TAMS 0x000000008ac00000, 0x000000008ac00000|
|  97|0x000000008ad00000, 0x000000008ad00000, 0x000000008ae00000|  0%| F|  |TS  0|AC  0|TAMS 0x000000008ad00000, 0x000000008ad00000|
|  98|0x000000008ae00000, 0x000000008ae00000, 0x000000008af00000|  0%| F|  |TS  0|AC  0|TAMS 0x000000008ae00000, 0x000000008ae00000|
|  99|0x000000008af00000, 0x000000008af00000, 0x000000008b000000|  0%| F|  |TS  0|AC  0|TAMS 0x000000008af00000, 0x000000008af00000|
| 100|0x000000008b000000, 0x000000008b000000, 0x000000008b100000|  0%| F|  |TS  0|AC  0|TAMS 0x000000008b000000, 0x000000008b000000|
| 101|0x000000008b100000, 0x000000008b100000, 0x000000008b200000|  0%| F|  |TS  0|AC  0|TAMS 0x000000008b100000, 0x000000008b100000|
| 102|0x000000008b200000, 0x000000008b200000, 0x000000008b300000|  0%| F|  |TS  0|AC  0|TAMS 0x000000008b200000, 0x000000008b200000|
| 103|0x000000008b300000, 0x000000008b300000, 0x000000008b400000|  0%| F|  |TS  0|AC  0|TAMS 0x000000008b300000, 0x000000008b300000|
| 104|0x000000008b400000, 0x000000008b400000, 0x000000008b500000|  0%| F|  |TS  0|AC  0|TAMS 0x000000008b400000, 0x000000008b400000|
| 105|0x000000008b500000, 0x000000008b500000, 0x000000008b600000|  0%| F|  |TS  0|AC  0|TAMS 0x000000008b500000, 0x000000008b500000|
| 106|0x000000008b600000, 0x000000008b600000, 0x000000008b700000|  0%| F|  |TS  0|AC  0|TAMS 0x000000008b600000, 0x000000008b600000|
| 107|0x000000008b700000, 0x000000008b700000, 0x000000008b800000|  0%| F|  |TS  0|AC  0|TAMS 0x000000008b700000, 0x000000008b700000|
| 108|0x000000008b800000, 0x000000008b800000, 0x000000008b900000|  0%| F|  |TS  0|AC  0|TAMS 0x000000008b800000, 0x000000008b800000|
| 109|0x000000008b900000, 0x000000008b900000, 0x000000008ba00000|  0%| F|  |TS  0|AC  0|TAMS 0x000000008b900000, 0x000000008b900000|
| 110|0x000000008ba00000, 0x000000008ba00000, 0x000000008bb00000|  0%| F|  |TS  0|AC  0|TAMS 0x000000008ba00000, 0x000000008ba00000|
| 111|0x000000008bb00000, 0x000000008bb00000, 0x000000008bc00000|  0%| F|  |TS  0|AC  0|TAMS 0x000000008bb00000, 0x000000008bb00000|
| 112|0x000000008bc00000, 0x000000008bc00000, 0x000000008bd00000|  0%| F|  |TS  0|AC  0|TAMS 0x000000008bc00000, 0x000000008bc00000|
| 113|0x000000008bd00000, 0x000000008bd00000, 0x000000008be00000|  0%| F|  |TS  0|AC  0|TAMS 0x000000008bd00000, 0x000000008bd00000|
| 114|0x000000008be00000, 0x000000008be00000, 0x000000008bf00000|  0%| F|  |TS  0|AC  0|TAMS 0x000000008be00000, 0x000000008be00000|
| 115|0x000000008bf00000, 0x000000008bf00000, 0x000000008c000000|  0%| F|  |TS  0|AC  0|TAMS 0x000000008bf00000, 0x000000008bf00000|
| 116|0x000000008c000000, 0x000000008c000000, 0x000000008c100000|  0%| F|  |TS  0|AC  0|TAMS 0x000000008c000000, 0x000000008c000000|
| 117|0x000000008c100000, 0x000000008c190138, 0x000000008c200000| 56%| E|  |TS  0|AC  0|TAMS 0x000000008c100000, 0x000000008c100000|
| 118|0x000000008c200000, 0x000000008c300000, 0x000000008c300000|100%| E|CS|TS  0|AC  0|TAMS 0x000000008c200000, 0x000000008c200000|
| 119|0x000000008c300000, 0x000000008c400000, 0x000000008c400000|100%| E|CS|TS  0|AC  0|TAMS 0x000000008c300000, 0x000000008c300000|
| 120|0x000000008c400000, 0x000000008c500000, 0x000000008c500000|100%| E|CS|TS  0|AC  0|TAMS 0x000000008c400000, 0x000000008c400000|
| 121|0x000000008c500000, 0x000000008c600000, 0x000000008c600000|100%| E|CS|TS  0|AC  0|TAMS 0x000000008c500000, 0x000000008c500000|
| 122|0x000000008c600000, 0x000000008c700000, 0x000000008c700000|100%| E|CS|TS  0|AC  0|TAMS 0x000000008c600000, 0x000000008c600000|
| 123|0x000000008c700000, 0x000000008c800000, 0x000000008c800000|100%| E|CS|TS  0|AC  0|TAMS 0x000000008c700000, 0x000000008c700000|

Card table byte_map: [0x00007fd341860000,0x00007fd341c3a000] byte_map_base: 0x00007fd34143a000

Marking Bits (Prev, Next): (CMBitMap*) 0x00007fd35c059900, (CMBitMap*) 0x00007fd35c059938
 Prev Bits: [0x00007fd332130000, 0x00007fd334000000)
 Next Bits: [0x00007fd330260000, 0x00007fd332130000)

Polling page: 0x00007fd364c15000

CodeHeap 'non-profiled nmethods': size=120032Kb used=151Kb max_used=151Kb free=119881Kb
 bounds [0x00007fd349702000, 0x00007fd349972000, 0x00007fd350c3a000]
CodeHeap 'profiled nmethods': size=120032Kb used=723Kb max_used=723Kb free=119308Kb
 bounds [0x00007fd3421ca000, 0x00007fd34243a000, 0x00007fd349702000]
CodeHeap 'non-nmethods': size=5696Kb used=1112Kb max_used=1129Kb free=4583Kb
 bounds [0x00007fd341c3a000, 0x00007fd341eaa000, 0x00007fd3421ca000]
 total_blobs=960 nmethods=479 adapters=273
 compilation: enabled

Compilation events (10 events):
Event: 1305,585 Thread 0x00007fd35c178000  475       3       org.eclipse.jdt.launching.internal.org.objectweb.asm.ByteVector::putByteArray (49 bytes)
Event: 1305,586 Thread 0x00007fd35c178000 nmethod 475 0x00007fd34227d590 code [0x00007fd34227d760, 0x00007fd34227da78]
Event: 1312,635 Thread 0x00007fd35c178000  476       3       org.eclipse.jdt.launching.internal.org.objectweb.asm.SymbolTable::hash (15 bytes)
Event: 1312,636 Thread 0x00007fd35c178000 nmethod 476 0x00007fd34227db90 code [0x00007fd34227dd60, 0x00007fd34227df38]
Event: 1330,158 Thread 0x00007fd35c178000  479       3       org.eclipse.jdt.launching.internal.org.objectweb.asm.SymbolTable::addConstantNameAndType (137 bytes)
Event: 1330,159 Thread 0x00007fd35c178000 nmethod 479 0x00007fd34227e090 code [0x00007fd34227e300, 0x00007fd34227eb08]
Event: 1330,159 Thread 0x00007fd35c178000  477       1       java.net.URL::getAuthority (5 bytes)
Event: 1330,159 Thread 0x00007fd35c178000 nmethod 477 0x00007fd349727510 code [0x00007fd3497276c0, 0x00007fd3497277d0]
Event: 1330,159 Thread 0x00007fd35c178000  478       1       java.net.URL::getQuery (5 bytes)
Event: 1330,160 Thread 0x00007fd35c178000 nmethod 478 0x00007fd349727890 code [0x00007fd349727a40, 0x00007fd349727b50]

GC Heap History (0 events):
No events

Deoptimization events (4 events):
Event: 0,128 Thread 0x00007fd35c013000 Uncommon trap: reason=unstable_if action=reinterpret pc=0x00007fd34970a280 method=java.util.AbstractCollection.isEmpty()Z @ 4 c2
Event: 0,250 Thread 0x00007fd35c013000 Uncommon trap: reason=unstable_if action=reinterpret pc=0x00007fd349705608 method=java.lang.String.hashCode()I @ 14 c2
Event: 0,336 Thread 0x00007fd35c013000 Uncommon trap: reason=unstable_if action=reinterpret pc=0x00007fd3497142e8 method=java.lang.String.isLatin1()Z @ 10 c2
Event: 0,336 Thread 0x00007fd35c013000 Uncommon trap: reason=unstable_if action=reinterpret pc=0x00007fd34971557c method=java.lang.String.isLatin1()Z @ 10 c2

Classes redefined (10 events):
Event: 679,254 Thread 0x00007fd35c153800 redefined class name=login.connection, count=1
Event: 898,917 Thread 0x00007fd35c153800 redefined class name=login.main, count=2
Event: 904,247 Thread 0x00007fd35c153800 redefined class name=login.main, count=3
Event: 915,184 Thread 0x00007fd35c153800 redefined class name=login.main, count=4
Event: 921,789 Thread 0x00007fd35c153800 redefined class name=login.main, count=5
Event: 1217,448 Thread 0x00007fd35c153800 redefined class name=login.main, count=6
Event: 1230,062 Thread 0x00007fd35c153800 redefined class name=login.main, count=7
Event: 1305,584 Thread 0x00007fd35c153800 redefined class name=login.main, count=8
Event: 1312,638 Thread 0x00007fd35c153800 redefined class name=login.main, count=9
Event: 1330,158 Thread 0x00007fd35c153800 redefined class name=login.main, count=10

Internal exceptions (2 events):
Event: 0,424 Thread 0x00007fd35c013000 Exception <a 'java/lang/NoSuchMethodError'{0x000000008c3f4920}: java.lang.Object.lambda$negate$3(I)Z> (0x000000008c3f4920) thrown at [/scratch/opt/mach5/mesos/work_dir/slaves/c4ee7e63-1ded-4e8c-9581-ce26f27e3af4-S497/frameworks/1735e8a2-a1db-478c-8104-60c
Event: 0,426 Thread 0x00007fd35c013000 Exception <a 'java/lang/NoSuchMethodError'{0x000000008c3f7c40}: java.lang.Object.lambda$and$0(Ljava/util/regex/Pattern$CharPredicate;I)Z> (0x000000008c3f7c40) thrown at [/scratch/opt/mach5/mesos/work_dir/slaves/c4ee7e63-1ded-4e8c-9581-ce26f27e3af4-S497/fr

Events (10 events):
Event: 1330,177 Executing VM operation: GetFrameCount done
Event: 1330,177 Executing VM operation: GetFrameLocation
Event: 1330,178 Executing VM operation: GetFrameLocation done
Event: 1330,280 Executing VM operation: GetFrameCount
Event: 1330,280 Executing VM operation: GetFrameCount done
Event: 1330,280 Executing VM operation: GetOwnedMonitorInfo
Event: 1330,280 Executing VM operation: GetOwnedMonitorInfo done
Event: 1330,280 Executing VM operation: GetCurrentContendedMonitor
Event: 1330,280 Executing VM operation: GetCurrentContendedMonitor done
Event: 1352,122 Executing VM operation: GetOrSetLocal


Dynamic libraries:
00400000-00401000 r-xp 00000000 08:04 7869404                            /usr/local/java/jdk-10.0.2/bin/java
00600000-00601000 rw-p 00000000 08:04 7869404                            /usr/local/java/jdk-10.0.2/bin/java
0078a000-007ab000 rw-p 00000000 00:00 0                                  [heap]
84c00000-8c800000 rw-p 00000000 00:00 0 
8c800000-100000000 ---p 00000000 00:00 0 
100000000-1000e0000 rw-p 00000000 00:00 0 
1000e0000-140000000 ---p 00000000 00:00 0 
7fd2d3dcf000-7fd2d4000000 rw-p 00000000 00:00 0 
7fd2d4000000-7fd2d4021000 rw-p 00000000 00:00 0 
7fd2d4021000-7fd2d8000000 ---p 00000000 00:00 0 
7fd2d8000000-7fd2d8021000 rw-p 00000000 00:00 0 
7fd2d8021000-7fd2dc000000 ---p 00000000 00:00 0 
7fd2dc000000-7fd2dc021000 rw-p 00000000 00:00 0 
7fd2dc021000-7fd2e0000000 ---p 00000000 00:00 0 
7fd2e0000000-7fd2e0021000 rw-p 00000000 00:00 0 
7fd2e0021000-7fd2e4000000 ---p 00000000 00:00 0 
7fd2e4000000-7fd2e405d000 rw-p 00000000 00:00 0 
7fd2e405d000-7fd2e8000000 ---p 00000000 00:00 0 
7fd2e8000000-7fd2e8021000 rw-p 00000000 00:00 0 
7fd2e8021000-7fd2ec000000 ---p 00000000 00:00 0 
7fd2ec000000-7fd2ec11c000 rw-p 00000000 00:00 0 
7fd2ec11c000-7fd2f0000000 ---p 00000000 00:00 0 
7fd2f0000000-7fd2f0021000 rw-p 00000000 00:00 0 
7fd2f0021000-7fd2f4000000 ---p 00000000 00:00 0 
7fd2f4000000-7fd2f427d000 rw-p 00000000 00:00 0 
7fd2f427d000-7fd2f8000000 ---p 00000000 00:00 0 
7fd2f8000000-7fd2f81b3000 rw-p 00000000 00:00 0 
7fd2f81b3000-7fd2fc000000 ---p 00000000 00:00 0 
7fd2fc000000-7fd2fc021000 rw-p 00000000 00:00 0 
7fd2fc021000-7fd300000000 ---p 00000000 00:00 0 
7fd300000000-7fd300021000 rw-p 00000000 00:00 0 
7fd300021000-7fd304000000 ---p 00000000 00:00 0 
7fd304000000-7fd304021000 rw-p 00000000 00:00 0 
7fd304021000-7fd308000000 ---p 00000000 00:00 0 
7fd308000000-7fd308021000 rw-p 00000000 00:00 0 
7fd308021000-7fd30c000000 ---p 00000000 00:00 0 
7fd30c000000-7fd30c021000 rw-p 00000000 00:00 0 
7fd30c021000-7fd310000000 ---p 00000000 00:00 0 
7fd310000000-7fd310021000 rw-p 00000000 00:00 0 
7fd310021000-7fd314000000 ---p 00000000 00:00 0 
7fd314000000-7fd314021000 rw-p 00000000 00:00 0 
7fd314021000-7fd318000000 ---p 00000000 00:00 0 
7fd318000000-7fd318021000 rw-p 00000000 00:00 0 
7fd318021000-7fd31c000000 ---p 00000000 00:00 0 
7fd31c000000-7fd31c021000 rw-p 00000000 00:00 0 
7fd31c021000-7fd320000000 ---p 00000000 00:00 0 
7fd320000000-7fd320021000 rw-p 00000000 00:00 0 
7fd320021000-7fd324000000 ---p 00000000 00:00 0 
7fd3241b5000-7fd3243b8000 rw-p 00000000 00:00 0 
7fd3243b8000-7fd3244f8000 ---p 00000000 00:00 0 
7fd3244f8000-7fd3244f9000 ---p 00000000 00:00 0 
7fd3244f9000-7fd3245fa000 rw-p 00000000 00:00 0 
7fd3245fa000-7fd3245fe000 ---p 00000000 00:00 0 
7fd3245fe000-7fd3246fb000 rw-p 00000000 00:00 0 
7fd3246fb000-7fd324711000 r-xp 00000000 08:04 7872663                    /usr/local/java/jdk-10.0.2/lib/libnet.so
7fd324711000-7fd324911000 ---p 00016000 08:04 7872663                    /usr/local/java/jdk-10.0.2/lib/libnet.so
7fd324911000-7fd324912000 rw-p 00016000 08:04 7872663                    /usr/local/java/jdk-10.0.2/lib/libnet.so
7fd324912000-7fd324922000 r-xp 00000000 08:04 7870080                    /usr/local/java/jdk-10.0.2/lib/libnio.so
7fd324922000-7fd324b22000 ---p 00010000 08:04 7870080                    /usr/local/java/jdk-10.0.2/lib/libnio.so
7fd324b22000-7fd324b23000 rw-p 00010000 08:04 7870080                    /usr/local/java/jdk-10.0.2/lib/libnio.so
7fd324b23000-7fd324b27000 ---p 00000000 00:00 0 
7fd324b27000-7fd324c24000 rw-p 00000000 00:00 0 
7fd324c24000-7fd324c28000 ---p 00000000 00:00 0 
7fd324c28000-7fd324d25000 rw-p 00000000 00:00 0 
7fd324d25000-7fd324d29000 ---p 00000000 00:00 0 
7fd324d29000-7fd324e26000 rw-p 00000000 00:00 0 
7fd324e26000-7fd324e2a000 ---p 00000000 00:00 0 
7fd324e2a000-7fd324f27000 rw-p 00000000 00:00 0 
7fd324f27000-7fd324f2b000 r-xp 00000000 08:04 7872633                    /usr/local/java/jdk-10.0.2/lib/libdt_socket.so
7fd324f2b000-7fd32512b000 ---p 00004000 08:04 7872633                    /usr/local/java/jdk-10.0.2/lib/libdt_socket.so
7fd32512b000-7fd32512c000 rw-p 00004000 08:04 7872633                    /usr/local/java/jdk-10.0.2/lib/libdt_socket.so
7fd32512c000-7fd325130000 ---p 00000000 00:00 0 
7fd325130000-7fd32522d000 rw-p 00000000 00:00 0 
7fd32522d000-7fd325231000 ---p 00000000 00:00 0 
7fd325231000-7fd32532e000 rw-p 00000000 00:00 0 
7fd32532e000-7fd325332000 ---p 00000000 00:00 0 
7fd325332000-7fd32542f000 rw-p 00000000 00:00 0 
7fd32542f000-7fd325433000 ---p 00000000 00:00 0 
7fd325433000-7fd325530000 rw-p 00000000 00:00 0 
7fd325530000-7fd325534000 ---p 00000000 00:00 0 
7fd325534000-7fd325631000 rw-p 00000000 00:00 0 
7fd325631000-7fd326000000 r--p 00000000 08:04 6560278                    /usr/lib/locale/locale-archive
7fd326000000-7fd328000000 rw-p 00000000 00:00 0 
7fd328000000-7fd328021000 rw-p 00000000 00:00 0 
7fd328021000-7fd32c000000 ---p 00000000 00:00 0 
7fd32c000000-7fd32c021000 rw-p 00000000 00:00 0 
7fd32c021000-7fd330000000 ---p 00000000 00:00 0 
7fd33005e000-7fd330062000 ---p 00000000 00:00 0 
7fd330062000-7fd33015f000 rw-p 00000000 00:00 0 
7fd33015f000-7fd330163000 ---p 00000000 00:00 0 
7fd330163000-7fd330450000 rw-p 00000000 00:00 0 
7fd330450000-7fd332130000 ---p 00000000 00:00 0 
7fd332130000-7fd332320000 rw-p 00000000 00:00 0 
7fd332320000-7fd334000000 ---p 00000000 00:00 0 
7fd334000000-7fd334021000 rw-p 00000000 00:00 0 
7fd334021000-7fd338000000 ---p 00000000 00:00 0 
7fd338000000-7fd338021000 rw-p 00000000 00:00 0 
7fd338021000-7fd33c000000 ---p 00000000 00:00 0 
7fd33c000000-7fd33c021000 rw-p 00000000 00:00 0 
7fd33c021000-7fd340000000 ---p 00000000 00:00 0 
7fd340072000-7fd340073000 ---p 00000000 00:00 0 
7fd340073000-7fd340974000 rw-p 00000000 00:00 0 
7fd340974000-7fd340975000 ---p 00000000 00:00 0 
7fd340975000-7fd340a76000 rw-p 00000000 00:00 0 
7fd340a76000-7fd340a77000 ---p 00000000 00:00 0 
7fd340a77000-7fd340b78000 rw-p 00000000 00:00 0 
7fd340b78000-7fd340b79000 ---p 00000000 00:00 0 
7fd340b79000-7fd340c7a000 rw-p 00000000 00:00 0 
7fd340c7a000-7fd340c7b000 ---p 00000000 00:00 0 
7fd340c7b000-7fd340d7c000 rw-p 00000000 00:00 0 
7fd340d7c000-7fd340d7d000 ---p 00000000 00:00 0 
7fd340d7d000-7fd341282000 rw-p 00000000 00:00 0 
7fd341282000-7fd341283000 ---p 00000000 00:00 0 
7fd341283000-7fd341384000 rw-p 00000000 00:00 0 
7fd341384000-7fd341385000 ---p 00000000 00:00 0 
7fd341385000-7fd3414c4000 rw-p 00000000 00:00 0 
7fd3414c4000-7fd341860000 ---p 00000000 00:00 0 
7fd341860000-7fd34189e000 rw-p 00000000 00:00 0 
7fd34189e000-7fd341c3a000 ---p 00000000 00:00 0 
7fd341c3a000-7fd341eaa000 rwxp 00000000 00:00 0 
7fd341eaa000-7fd3421ca000 ---p 00000000 00:00 0 
7fd3421ca000-7fd34243a000 rwxp 00000000 00:00 0 
7fd34243a000-7fd349702000 ---p 00000000 00:00 0 
7fd349702000-7fd349972000 rwxp 00000000 00:00 0 
7fd349972000-7fd350c3a000 ---p 00000000 00:00 0 
7fd350c3a000-7fd35c000000 r--s 00000000 08:04 7869793                    /usr/local/java/jdk-10.0.2/lib/modules
7fd35c000000-7fd35c3bc000 rw-p 00000000 00:00 0 
7fd35c3bc000-7fd360000000 ---p 00000000 00:00 0 
7fd360019000-7fd360128000 rw-p 00000000 00:00 0 
7fd360128000-7fd3604c4000 ---p 00000000 00:00 0 
7fd3604c4000-7fd3608c8000 rw-p 00000000 00:00 0 
7fd3608c8000-7fd3608c9000 ---p 00000000 00:00 0 
7fd3608c9000-7fd3609ca000 rw-p 00000000 00:00 0 
7fd3609ca000-7fd3609cb000 ---p 00000000 00:00 0 
7fd3609cb000-7fd360acc000 rw-p 00000000 00:00 0 
7fd360acc000-7fd360acd000 ---p 00000000 00:00 0 
7fd360acd000-7fd360bce000 rw-p 00000000 00:00 0 
7fd360bce000-7fd360bcf000 ---p 00000000 00:00 0 
7fd360bcf000-7fd360cd5000 rw-p 00000000 00:00 0 
7fd360cd5000-7fd360dbb000 ---p 00000000 00:00 0 
7fd360dbb000-7fd360dc0000 rw-p 00000000 00:00 0 
7fd360dc0000-7fd360ea6000 ---p 00000000 00:00 0 
7fd360ea6000-7fd360ec0000 r-xp 00000000 08:04 7869791                    /usr/local/java/jdk-10.0.2/lib/libjimage.so
7fd360ec0000-7fd3610bf000 ---p 0001a000 08:04 7869791                    /usr/local/java/jdk-10.0.2/lib/libjimage.so
7fd3610bf000-7fd3610c1000 rw-p 00019000 08:04 7869791                    /usr/local/java/jdk-10.0.2/lib/libjimage.so
7fd3610c1000-7fd3610d3000 rw-p 00000000 00:00 0 
7fd3610d3000-7fd3610da000 r-xp 00000000 08:04 7870081                    /usr/local/java/jdk-10.0.2/lib/libzip.so
7fd3610da000-7fd3612d9000 ---p 00007000 08:04 7870081                    /usr/local/java/jdk-10.0.2/lib/libzip.so
7fd3612d9000-7fd3612da000 rw-p 00006000 08:04 7870081                    /usr/local/java/jdk-10.0.2/lib/libzip.so
7fd3612da000-7fd3612e5000 r-xp 00000000 08:04 1053457                    /lib/x86_64-linux-gnu/libnss_files-2.27.so
7fd3612e5000-7fd3614e4000 ---p 0000b000 08:04 1053457                    /lib/x86_64-linux-gnu/libnss_files-2.27.so
7fd3614e4000-7fd3614e5000 r--p 0000a000 08:04 1053457                    /lib/x86_64-linux-gnu/libnss_files-2.27.so
7fd3614e5000-7fd3614e6000 rw-p 0000b000 08:04 1053457                    /lib/x86_64-linux-gnu/libnss_files-2.27.so
7fd3614e6000-7fd3614ec000 rw-p 00000000 00:00 0 
7fd3614ec000-7fd361503000 r-xp 00000000 08:04 1053451                    /lib/x86_64-linux-gnu/libnsl-2.27.so
7fd361503000-7fd361702000 ---p 00017000 08:04 1053451                    /lib/x86_64-linux-gnu/libnsl-2.27.so
7fd361702000-7fd361703000 r--p 00016000 08:04 1053451                    /lib/x86_64-linux-gnu/libnsl-2.27.so
7fd361703000-7fd361704000 rw-p 00017000 08:04 1053451                    /lib/x86_64-linux-gnu/libnsl-2.27.so
7fd361704000-7fd361706000 rw-p 00000000 00:00 0 
7fd361706000-7fd361711000 r-xp 00000000 08:04 1053468                    /lib/x86_64-linux-gnu/libnss_nis-2.27.so
7fd361711000-7fd361910000 ---p 0000b000 08:04 1053468                    /lib/x86_64-linux-gnu/libnss_nis-2.27.so
7fd361910000-7fd361911000 r--p 0000a000 08:04 1053468                    /lib/x86_64-linux-gnu/libnss_nis-2.27.so
7fd361911000-7fd361912000 rw-p 0000b000 08:04 1053468                    /lib/x86_64-linux-gnu/libnss_nis-2.27.so
7fd361912000-7fd36191a000 r-xp 00000000 08:04 1053453                    /lib/x86_64-linux-gnu/libnss_compat-2.27.so
7fd36191a000-7fd361b1a000 ---p 00008000 08:04 1053453                    /lib/x86_64-linux-gnu/libnss_compat-2.27.so
7fd361b1a000-7fd361b1b000 r--p 00008000 08:04 1053453                    /lib/x86_64-linux-gnu/libnss_compat-2.27.so
7fd361b1b000-7fd361b1c000 rw-p 00009000 08:04 1053453                    /lib/x86_64-linux-gnu/libnss_compat-2.27.so
7fd361b1c000-7fd361b26000 r-xp 00000000 08:04 7870075                    /usr/local/java/jdk-10.0.2/lib/libinstrument.so
7fd361b26000-7fd361d25000 ---p 0000a000 08:04 7870075                    /usr/local/java/jdk-10.0.2/lib/libinstrument.so
7fd361d25000-7fd361d26000 rw-p 00009000 08:04 7870075                    /usr/local/java/jdk-10.0.2/lib/libinstrument.so
7fd361d26000-7fd361d61000 r-xp 00000000 08:04 7872573                    /usr/local/java/jdk-10.0.2/lib/libjdwp.so
7fd361d61000-7fd361f60000 ---p 0003b000 08:04 7872573                    /usr/local/java/jdk-10.0.2/lib/libjdwp.so
7fd361f60000-7fd361f62000 rw-p 0003a000 08:04 7872573                    /usr/local/java/jdk-10.0.2/lib/libjdwp.so
7fd361f62000-7fd361f8c000 r-xp 00000000 08:04 7869771                    /usr/local/java/jdk-10.0.2/lib/libjava.so
7fd361f8c000-7fd36218c000 ---p 0002a000 08:04 7869771                    /usr/local/java/jdk-10.0.2/lib/libjava.so
7fd36218c000-7fd36218e000 rw-p 0002a000 08:04 7869771                    /usr/local/java/jdk-10.0.2/lib/libjava.so
7fd36218e000-7fd36219b000 r-xp 00000000 08:04 7869842                    /usr/local/java/jdk-10.0.2/lib/libverify.so
7fd36219b000-7fd36239a000 ---p 0000d000 08:04 7869842                    /usr/local/java/jdk-10.0.2/lib/libverify.so
7fd36239a000-7fd36239c000 rw-p 0000c000 08:04 7869842                    /usr/local/java/jdk-10.0.2/lib/libverify.so
7fd36239c000-7fd3623a3000 r-xp 00000000 08:04 1053508                    /lib/x86_64-linux-gnu/librt-2.27.so
7fd3623a3000-7fd3625a2000 ---p 00007000 08:04 1053508                    /lib/x86_64-linux-gnu/librt-2.27.so
7fd3625a2000-7fd3625a3000 r--p 00006000 08:04 1053508                    /lib/x86_64-linux-gnu/librt-2.27.so
7fd3625a3000-7fd3625a4000 rw-p 00007000 08:04 1053508                    /lib/x86_64-linux-gnu/librt-2.27.so
7fd3625a4000-7fd362741000 r-xp 00000000 08:04 1053430                    /lib/x86_64-linux-gnu/libm-2.27.so
7fd362741000-7fd362940000 ---p 0019d000 08:04 1053430                    /lib/x86_64-linux-gnu/libm-2.27.so
7fd362940000-7fd362941000 r--p 0019c000 08:04 1053430                    /lib/x86_64-linux-gnu/libm-2.27.so
7fd362941000-7fd362942000 rw-p 0019d000 08:04 1053430                    /lib/x86_64-linux-gnu/libm-2.27.so
7fd362942000-7fd363a2d000 r-xp 00000000 08:04 7870089                    /usr/local/java/jdk-10.0.2/lib/server/libjvm.so
7fd363a2d000-7fd363c2c000 ---p 010eb000 08:04 7870089                    /usr/local/java/jdk-10.0.2/lib/server/libjvm.so
7fd363c2c000-7fd363d0c000 r--p 010ea000 08:04 7870089                    /usr/local/java/jdk-10.0.2/lib/server/libjvm.so
7fd363d0c000-7fd363d46000 rw-p 011ca000 08:04 7870089                    /usr/local/java/jdk-10.0.2/lib/server/libjvm.so
7fd363d46000-7fd363db0000 rw-p 00000000 00:00 0 
7fd363db0000-7fd363f97000 r-xp 00000000 08:04 1053367                    /lib/x86_64-linux-gnu/libc-2.27.so
7fd363f97000-7fd364197000 ---p 001e7000 08:04 1053367                    /lib/x86_64-linux-gnu/libc-2.27.so
7fd364197000-7fd36419b000 r--p 001e7000 08:04 1053367                    /lib/x86_64-linux-gnu/libc-2.27.so
7fd36419b000-7fd36419d000 rw-p 001eb000 08:04 1053367                    /lib/x86_64-linux-gnu/libc-2.27.so
7fd36419d000-7fd3641a1000 rw-p 00000000 00:00 0 
7fd3641a1000-7fd3641a4000 r-xp 00000000 08:04 1053390                    /lib/x86_64-linux-gnu/libdl-2.27.so
7fd3641a4000-7fd3643a3000 ---p 00003000 08:04 1053390                    /lib/x86_64-linux-gnu/libdl-2.27.so
7fd3643a3000-7fd3643a4000 r--p 00002000 08:04 1053390                    /lib/x86_64-linux-gnu/libdl-2.27.so
7fd3643a4000-7fd3643a5000 rw-p 00003000 08:04 1053390                    /lib/x86_64-linux-gnu/libdl-2.27.so
7fd3643a5000-7fd3643b3000 r-xp 00000000 08:04 7872567                    /usr/local/java/jdk-10.0.2/lib/jli/libjli.so
7fd3643b3000-7fd3645b3000 ---p 0000e000 08:04 7872567                    /usr/local/java/jdk-10.0.2/lib/jli/libjli.so
7fd3645b3000-7fd3645b4000 rw-p 0000e000 08:04 7872567                    /usr/local/java/jdk-10.0.2/lib/jli/libjli.so
7fd3645b4000-7fd3645ce000 r-xp 00000000 08:04 1053500                    /lib/x86_64-linux-gnu/libpthread-2.27.so
7fd3645ce000-7fd3647cd000 ---p 0001a000 08:04 1053500                    /lib/x86_64-linux-gnu/libpthread-2.27.so
7fd3647cd000-7fd3647ce000 r--p 00019000 08:04 1053500                    /lib/x86_64-linux-gnu/libpthread-2.27.so
7fd3647ce000-7fd3647cf000 rw-p 0001a000 08:04 1053500                    /lib/x86_64-linux-gnu/libpthread-2.27.so
7fd3647cf000-7fd3647d3000 rw-p 00000000 00:00 0 
7fd3647d3000-7fd3647ef000 r-xp 00000000 08:04 1053539                    /lib/x86_64-linux-gnu/libz.so.1.2.11
7fd3647ef000-7fd3649ee000 ---p 0001c000 08:04 1053539                    /lib/x86_64-linux-gnu/libz.so.1.2.11
7fd3649ee000-7fd3649ef000 r--p 0001b000 08:04 1053539                    /lib/x86_64-linux-gnu/libz.so.1.2.11
7fd3649ef000-7fd3649f0000 rw-p 0001c000 08:04 1053539                    /lib/x86_64-linux-gnu/libz.so.1.2.11
7fd3649f0000-7fd364a17000 r-xp 00000000 08:04 1053339                    /lib/x86_64-linux-gnu/ld-2.27.so
7fd364a34000-7fd364a3b000 r--s 00000000 08:04 6949474                    /usr/lib/x86_64-linux-gnu/gconv/gconv-modules.cache
7fd364a3b000-7fd364af9000 rw-p 00000000 00:00 0 
7fd364af9000-7fd364afd000 ---p 00000000 00:00 0 
7fd364afd000-7fd364bfe000 rw-p 00000000 00:00 0 
7fd364c00000-7fd364c06000 rw-p 00000000 00:00 0 
7fd364c06000-7fd364c0d000 ---p 00000000 00:00 0 
7fd364c0d000-7fd364c15000 rw-s 00000000 08:04 7604223                    /tmp/hsperfdata_hudson/10159
7fd364c15000-7fd364c16000 ---p 00000000 00:00 0 
7fd364c16000-7fd364c17000 r--p 00000000 00:00 0 
7fd364c17000-7fd364c18000 r--p 00027000 08:04 1053339                    /lib/x86_64-linux-gnu/ld-2.27.so
7fd364c18000-7fd364c19000 rw-p 00028000 08:04 1053339                    /lib/x86_64-linux-gnu/ld-2.27.so
7fd364c19000-7fd364c1a000 rw-p 00000000 00:00 0 
7ffd16463000-7ffd16484000 rw-p 00000000 00:00 0                          [stack]
7ffd164ad000-7ffd164b0000 r--p 00000000 00:00 0                          [vvar]
7ffd164b0000-7ffd164b2000 r-xp 00000000 00:00 0                          [vdso]
ffffffffff600000-ffffffffff601000 r-xp 00000000 00:00 0                  [vsyscall]


VM Arguments:
jvm_args: -agentlib:jdwp=transport=dt_socket,suspend=y,address=localhost:37311 -javaagent:/home/hudson/.eclipse/360744347_linux_gtk_x86_64/configuration/org.eclipse.osgi/232/0/.cp/lib/javaagent-shaded.jar -Dfile.encoding=UTF-8 
java_command: login.main
java_class_path (initial): /home/hudson/Documents/desenvolvimento/java/login/bin
Launcher Type: SUN_STANDARD

Logging:
Log output configuration:
#0: stdout all=warning uptime,level,tags
#1: stderr all=off uptime,level,tags

Environment Variables:
PATH=/usr/local/sbin:/usr/local/bin:/usr/sbin:/usr/bin:/sbin:/bin:/usr/games:/usr/local/games:/snap/bin
USERNAME=hudson
SHELL=/bin/bash
DISPLAY=:0

Signal Handlers:
SIGSEGV: [libjvm.so+0xdf6210], sa_mask[0]=11111111011111111101111111111110, sa_flags=SA_RESTART|SA_SIGINFO
SIGBUS: [libjvm.so+0xdf6210], sa_mask[0]=11111111011111111101111111111110, sa_flags=SA_RESTART|SA_SIGINFO
SIGFPE: [libjvm.so+0xdf6210], sa_mask[0]=11111111011111111101111111111110, sa_flags=SA_RESTART|SA_SIGINFO
SIGPIPE: [libjvm.so+0xbfbe70], sa_mask[0]=11111111011111111101111111111110, sa_flags=SA_RESTART|SA_SIGINFO
SIGXFSZ: [libjvm.so+0xbfbe70], sa_mask[0]=11111111011111111101111111111110, sa_flags=SA_RESTART|SA_SIGINFO
SIGILL: [libjvm.so+0xdf6210], sa_mask[0]=11111111011111111101111111111110, sa_flags=SA_RESTART|SA_SIGINFO
SIGUSR2: [libjvm.so+0xbfc200], sa_mask[0]=00100000000000000000000000000000, sa_flags=SA_RESTART|SA_SIGINFO
SIGHUP: [libjvm.so+0xbfc190], sa_mask[0]=11111111011111111101111111111110, sa_flags=SA_RESTART|SA_SIGINFO
SIGINT: [libjvm.so+0xbfc190], sa_mask[0]=11111111011111111101111111111110, sa_flags=SA_RESTART|SA_SIGINFO
SIGTERM: [libjvm.so+0xbfc190], sa_mask[0]=11111111011111111101111111111110, sa_flags=SA_RESTART|SA_SIGINFO
SIGQUIT: [libjvm.so+0xbfc190], sa_mask[0]=11111111011111111101111111111110, sa_flags=SA_RESTART|SA_SIGINFO


---------------  S Y S T E M  ---------------

OS:DISTRIB_ID=Ubuntu
DISTRIB_RELEASE=18.04
DISTRIB_CODENAME=bionic
DISTRIB_DESCRIPTION="Ubuntu 18.04.1 LTS"
uname:Linux 4.15.0-38-generic #41-Ubuntu SMP Wed Oct 10 10:59:38 UTC 2018 x86_64
libc:glibc 2.27 NPTL 2.27 
rlimit: STACK 8192k, CORE 0k, NPROC 30823, NOFILE 1048576, AS infinity, DATA infinity, FSIZE infinity
load average:0,61 0,67 0,70

/proc/meminfo:
MemTotal:        8076268 kB
MemFree:          377724 kB
MemAvailable:    3152032 kB
Buffers:          539664 kB
Cached:          2607736 kB
SwapCached:            0 kB
Active:          5321064 kB
Inactive:        1856588 kB
Active(anon):    4019032 kB
Inactive(anon):   261936 kB
Active(file):    1302032 kB
Inactive(file):  1594652 kB
Unevictable:         148 kB
Mlocked:             148 kB
SwapTotal:       2097148 kB
SwapFree:        2097148 kB
Dirty:               508 kB
Writeback:             0 kB
AnonPages:       4030260 kB
Mapped:           915620 kB
Shmem:            250820 kB
Slab:             294028 kB
SReclaimable:     183408 kB
SUnreclaim:       110620 kB
KernelStack:       18992 kB
PageTables:        64392 kB
NFS_Unstable:          0 kB
Bounce:                0 kB
WritebackTmp:          0 kB
CommitLimit:     6135280 kB
Committed_AS:   12096056 kB
VmallocTotal:   34359738367 kB
VmallocUsed:           0 kB
VmallocChunk:          0 kB
HardwareCorrupted:     0 kB
AnonHugePages:         0 kB
ShmemHugePages:        0 kB
ShmemPmdMapped:        0 kB
CmaTotal:              0 kB
CmaFree:               0 kB
HugePages_Total:       0
HugePages_Free:        0
HugePages_Rsvd:        0
HugePages_Surp:        0
Hugepagesize:       2048 kB
DirectMap4k:      413872 kB
DirectMap2M:     7882752 kB
DirectMap1G:           0 kB

container (cgroup) information:
container_type: cgroupv1
cpu_cpuset_cpus: 0-3
cpu_memory_nodes: 0
active_processor_count: 4
cpu_quota: -1
cpu_period: 100000
cpu_shares: -1
memory_limit_in_bytes: -1
memory_and_swap_limit_in_bytes: -2
memory_soft_limit_in_bytes: -1
memory_usage_in_bytes: 5754462208
memory_max_usage_in_bytes: 5772169216


CPU:total 4 (initial active 4) (2 cores per cpu, 2 threads per core) family 6 model 142 stepping 9, cmov, cx8, fxsr, mmx, sse, sse2, sse3, ssse3, sse4.1, sse4.2, popcnt, avx, avx2, aes, clmul, erms, 3dnowpref, lzcnt, ht, tsc, tscinvbit, bmi1, bmi2, adx, fma
CPU Model and flags from /proc/cpuinfo:
model name	: Intel(R) Core(TM) i7-7500U CPU @ 2.70GHz
flags		: fpu vme de pse tsc msr pae mce cx8 apic sep mtrr pge mca cmov pat pse36 clflush dts acpi mmx fxsr sse sse2 ss ht tm pbe syscall nx pdpe1gb rdtscp lm constant_tsc art arch_perfmon pebs bts rep_good nopl xtopology nonstop_tsc cpuid aperfmperf tsc_known_freq pni pclmulqdq dtes64 monitor ds_cpl vmx est tm2 ssse3 sdbg fma cx16 xtpr pdcm pcid sse4_1 sse4_2 x2apic movbe popcnt tsc_deadline_timer aes xsave avx f16c rdrand lahf_lm abm 3dnowprefetch cpuid_fault epb invpcid_single pti ssbd ibrs ibpb stibp tpr_shadow vnmi flexpriority ept vpid fsgsbase tsc_adjust bmi1 avx2 smep bmi2 erms invpcid mpx rdseed adx smap clflushopt intel_pt xsaveopt xsavec xgetbv1 xsaves dtherm ida arat pln pts hwp hwp_notify hwp_act_window hwp_epp flush_l1d

Memory: 4k page, physical 8076268k(377724k free), swap 2097148k(2097148k free)

vm_info: Java HotSpot(TM) 64-Bit Server VM (10.0.2+13) for linux-amd64 JRE (10.0.2+13), built on Jun 27 2018 17:51:35 by "mach5one" with gcc 4.9.2

END.
